0        [           main] INFO  pl.webapp.MoquiContextListener  - Loading Moqui Webapp at [ROOT], moqui webapp name [webroot], context name [Moqui Root Webapp], located at [/tmp/winstone/byersa/moqui-1.1.2.war/]
560      [           main] INFO  xt.ExecutionContextFactoryImpl  - Initializing Moqui ExecutionContextFactoryImpl
 - runtime directory [/var/dev/moqui-src/runtime]
 - config file [/var/dev/moqui-src/runtime/conf/MoquiDevConf.xml]
 - moqui.runtime property [/var/dev/moqui-src/runtime]
1070     [           main] INFO  xt.ExecutionContextFactoryImpl  - Added component [tools] at [file:/var/dev/moqui-src/runtime/component/tools]
1072     [           main] INFO  xt.ExecutionContextFactoryImpl  - Added component [contacts] at [file:/var/dev/moqui-src/runtime/component/contacts]
1073     [           main] INFO  xt.ExecutionContextFactoryImpl  - Added component [ccoach] at [file:/var/dev/moqui-src/runtime/component/ccoach]
1074     [           main] INFO  xt.ExecutionContextFactoryImpl  - Added component [example] at [file:/var/dev/moqui-src/runtime/component/example]
1074     [           main] INFO  xt.ExecutionContextFactoryImpl  - Added component [webroot] at [file:/var/dev/moqui-src/runtime/component/webroot]
1075     [           main] INFO  xt.ExecutionContextFactoryImpl  - Added component [mantle-usl] at [file:/var/dev/moqui-src/runtime/mantle/mantle-usl]
1076     [           main] INFO  xt.ExecutionContextFactoryImpl  - Added component [mantle-ubpl] at [file:/var/dev/moqui-src/runtime/mantle/mantle-ubpl]
1077     [           main] INFO  xt.ExecutionContextFactoryImpl  - Added component [mantle-udm] at [file:/var/dev/moqui-src/runtime/mantle/mantle-udm]
1079     [           main] WARN  xt.ExecutionContextFactoryImpl  - Overriding component [example] at [file:/var/dev/moqui-src/runtime/component/example] with location [component/example] because another component of the same name was initialized.
1145     [           main] INFO  xt.ExecutionContextFactoryImpl  - Added component [example] at [component/example]
1160     [           main] INFO  xt.ExecutionContextFactoryImpl  - Added JAR from runtime/lib: mysql-connector-java-5.1.20-bin.jar
1165     [           main] INFO  xt.ExecutionContextFactoryImpl  - Added JAR from runtime/lib: aws-java-sdk-1.3.22.jar
2398     [           main] INFO  xt.ExecutionContextFactoryImpl  - Moqui CacheFacadeImpl Initialized
2466     [           main] INFO  xt.ExecutionContextFactoryImpl  - Moqui LoggerFacadeImpl Initialized
3727     [           main] INFO  i.impl.context.CacheFacadeImpl  - Initialized new cache [resource.ftl.location]
3753     [           main] INFO  i.impl.context.CacheFacadeImpl  - Initialized new cache [resource.xml-actions.location]
3756     [           main] INFO  i.impl.context.CacheFacadeImpl  - Initialized new cache [resource.text.location]
3758     [           main] INFO  i.impl.context.CacheFacadeImpl  - Initialized new cache [resource.groovy.expression]
4278     [           main] INFO  i.impl.context.CacheFacadeImpl  - Initialized new cache [resource.gstring.location]
4295     [           main] INFO  i.impl.context.CacheFacadeImpl  - Initialized new cache [resource.wiki.location]
4386     [           main] INFO  i.impl.context.CacheFacadeImpl  - Initialized new cache [resource.groovy.location]
4401     [           main] INFO  i.impl.context.CacheFacadeImpl  - Initialized new cache [resource.javascript.location]
4514     [           main] ERROR mpl.context.ResourceFacadeImpl  - Error getting JCR content repository with name [main], is of type [davex] at location [http://localhost:8081/server]: javax.jcr.RepositoryException: Unable to access a repository with the following settings:
    org.apache.jackrabbit.repository.uri: http://localhost:8081/server
The following RepositoryFactory classes were consulted:
    org.apache.jackrabbit.commons.JndiRepositoryFactory: declined
Perhaps the repository you are trying to access is not available at the moment.
4517     [           main] INFO  xt.ExecutionContextFactoryImpl  - Moqui ResourceFacadeImpl Initialized
4541     [           main] WARN  nfig.UserTransactionServiceImp  - No properties path set - looking for transactions.properties in classpath...
4543     [           main] WARN  nfig.UserTransactionServiceImp  - transactions.properties not found - looking for jta.properties in classpath...
4544     [           main] WARN  nfig.UserTransactionServiceImp  - Using init file: file:/tmp/winstone/byersa/moqui-1.1.2.war/WEB-INF/lib/moqui-framework-1.1.2.jar!/jta.properties
5165     [           main] INFO  xt.ExecutionContextFactoryImpl  - Moqui TransactionFacadeImpl Initialized
5406     [           main] INFO  ty.EntityDatasourceFactoryImpl  - Set property derby.system.home to [/var/dev/moqui-src/runtime/db/derby]
6024     [           main] INFO  ty.EntityDatasourceFactoryImpl  - Set property derby.system.home to [/var/dev/moqui-src/runtime/db/derby]
6028     [           main] INFO  ty.EntityDatasourceFactoryImpl  - Set property derby.system.home to [/var/dev/moqui-src/runtime/db/derby]
6368     [           main] INFO  i.impl.context.CacheFacadeImpl  - Initialized new cache [entity.definition]
6373     [           main] INFO  i.impl.context.CacheFacadeImpl  - Initialized new cache [entity.location]
6378     [           main] INFO  i.impl.context.CacheFacadeImpl  - Initialized new cache [entity.sequence.bank]
6419     [           main] INFO  xt.ExecutionContextFactoryImpl  - Moqui EntityFacadeImpl for DEFAULT Tenant Initialized
6888     [           main] INFO  uartz.impl.StdSchedulerFactory  - Using default implementation for ThreadExecutor
6891     [           main] INFO  .quartz.simpl.SimpleThreadPool  - Job execution threads will use class loader of thread: main
7242     [           main] INFO    org.quartz.simpl.RAMJobStore  - RAMJobStore initialized.
7245     [           main] INFO  uartz.impl.StdSchedulerFactory  - Quartz scheduler 'DefaultQuartzScheduler' initialized from default resource file in Quartz package: 'quartz.properties'
7246     [           main] INFO  uartz.impl.StdSchedulerFactory  - Quartz scheduler version: 2.1.5
7249     [           main] INFO  i.impl.context.CacheFacadeImpl  - Initialized new cache [service.location]
7252     [           main] INFO  impl.service.ServiceFacadeImpl  - Loaded [0] Service ECA rules from [file:/var/dev/moqui-src/runtime/component/example/service/Example.secas.xml]
7278     [           main] INFO  i.impl.context.CacheFacadeImpl  - Initialized new cache [service.java.class]
7431     [           main] INFO  xt.ExecutionContextFactoryImpl  - Moqui ServiceFacadeImpl Initialized
7446     [           main] INFO  i.impl.context.CacheFacadeImpl  - Initialized new cache [screen.location]
7539     [           main] INFO  i.impl.context.CacheFacadeImpl  - Initialized new cache [screen.template.mode]
7542     [           main] INFO  i.impl.context.CacheFacadeImpl  - Initialized new cache [screen.template.location]
7543     [           main] INFO  xt.ExecutionContextFactoryImpl  - Moqui ScreenFacadeImpl Initialized
7559     [           main] INFO  xt.ExecutionContextFactoryImpl  - Moqui L10nFacadeImpl Initialized
7569     [           main] INFO  camel.impl.DefaultCamelContext  - Apache Camel 2.9.2 (CamelContext: camel-1) is starting
7571     [           main] INFO  ment.ManagementStrategyFactory  - JMX enabled. Using ManagedManagementStrategy.
7970     [           main] INFO  ultManagementLifecycleStrategy  - StatisticsLevel at All so enabling load performance statistics
9246     [           main] INFO  .AnnotationTypeConverterLoader  - Found 3 packages with 15 @Converter classes to load
9515     [           main] INFO  converter.DefaultTypeConverter  - Loaded 170 core type converters (total 170 type converters)
9534     [           main] INFO  .AnnotationTypeConverterLoader  - Loaded 3 @Converter classes
9543     [           main] INFO  converter.DefaultTypeConverter  - Loaded additional 13 type converters (total 183 type converters) in 0.019 seconds
9676     [           main] INFO  camel.impl.DefaultCamelContext  - Total 0 routes, of which 0 is started.
9688     [           main] INFO  camel.impl.DefaultCamelContext  - Apache Camel 2.9.2 (CamelContext: camel-1) started in 2.108 seconds
9689     [           main] INFO  xt.ExecutionContextFactoryImpl  - Moqui ExecutionContextFactoryImpl Initialization Complete
9789     [           main] INFO  pl.webapp.MoquiContextListener  - Loaded Moqui Execution Context Factory for webapp [ROOT]
375799   [ndlerThread[#4]] INFO  i.impl.context.CacheFacadeImpl  - Initialized new cache [artifact.tarpit.hits]
375932   [ndlerThread[#4]] WARN  i.impl.entity.EntityFacadeImpl  - No location cache found for entity-name [TenantHostDefault], reloading ALL entity file locations known.
376191   [ndlerThread[#4]] INFO  i.impl.entity.EntityFacadeImpl  - Found [20] entity definitions in [jar:file:/tmp/winstone/byersa/moqui-1.1.2.war/WEB-INF/lib/moqui-framework-1.1.2.jar!/entity/BasicEntities.xml]
376515   [ndlerThread[#4]] INFO  i.impl.entity.EntityFacadeImpl  - Found [8] entity definitions in [jar:file:/tmp/winstone/byersa/moqui-1.1.2.war/WEB-INF/lib/moqui-framework-1.1.2.jar!/entity/EntityEntities.xml]
376523   [ndlerThread[#4]] INFO  i.impl.entity.EntityFacadeImpl  - Found [2] entity definitions in [jar:file:/tmp/winstone/byersa/moqui-1.1.2.war/WEB-INF/lib/moqui-framework-1.1.2.jar!/entity/OlapEntities.xml]
376753   [ndlerThread[#4]] INFO  i.impl.entity.EntityFacadeImpl  - Found [12] entity definitions in [jar:file:/tmp/winstone/byersa/moqui-1.1.2.war/WEB-INF/lib/moqui-framework-1.1.2.jar!/entity/ScreenEntities.xml]
376835   [ndlerThread[#4]] INFO  i.impl.entity.EntityFacadeImpl  - Found [20] entity definitions in [jar:file:/tmp/winstone/byersa/moqui-1.1.2.war/WEB-INF/lib/moqui-framework-1.1.2.jar!/entity/SecurityEntities.xml]
376850   [ndlerThread[#4]] INFO  i.impl.entity.EntityFacadeImpl  - Found [5] entity definitions in [jar:file:/tmp/winstone/byersa/moqui-1.1.2.war/WEB-INF/lib/moqui-framework-1.1.2.jar!/entity/ServerEntities.xml]
376855   [ndlerThread[#4]] INFO  i.impl.entity.EntityFacadeImpl  - Found [1] entity definitions in [jar:file:/tmp/winstone/byersa/moqui-1.1.2.war/WEB-INF/lib/moqui-framework-1.1.2.jar!/entity/ServiceEntities.xml]
376871   [ndlerThread[#4]] INFO  i.impl.entity.EntityFacadeImpl  - Found [9] entity definitions in [jar:file:/tmp/winstone/byersa/moqui-1.1.2.war/WEB-INF/lib/moqui-framework-1.1.2.jar!/entity/TenantEntities.xml]
376886   [ndlerThread[#4]] INFO  i.impl.entity.EntityFacadeImpl  - Found [5] entity definitions in [file:/var/dev/moqui-src/runtime/component/example/entity/ExampleEntities.xml]
377002   [ndlerThread[#4]] INFO  i.impl.entity.EntityFacadeImpl  - Found [8] entity definitions in [file:/var/dev/moqui-src/runtime/component/example/entity/ExampleViewEntities.xml]
377169   [ndlerThread[#4]] INFO  i.impl.entity.EntityFacadeImpl  - Found [27] entity definitions in [file:/var/dev/moqui-src/runtime/mantle/mantle-udm/entity/AccountingAccountEntities.xml]
377531   [ndlerThread[#4]] INFO  i.impl.entity.EntityFacadeImpl  - Found [27] entity definitions in [file:/var/dev/moqui-src/runtime/mantle/mantle-udm/entity/AccountingLedgerEntities.xml]
377549   [ndlerThread[#4]] INFO  i.impl.entity.EntityFacadeImpl  - Found [14] entity definitions in [file:/var/dev/moqui-src/runtime/mantle/mantle-udm/entity/AccountingOtherEntities.xml]
377572   [ndlerThread[#4]] INFO  i.impl.entity.EntityFacadeImpl  - Found [10] entity definitions in [file:/var/dev/moqui-src/runtime/mantle/mantle-udm/entity/FacilityEntities.xml]
377690   [ndlerThread[#4]] INFO  i.impl.entity.EntityFacadeImpl  - Found [26] entity definitions in [file:/var/dev/moqui-src/runtime/mantle/mantle-udm/entity/HumanResourcesEntities.xml]
377800   [ndlerThread[#4]] INFO  i.impl.entity.EntityFacadeImpl  - Found [16] entity definitions in [file:/var/dev/moqui-src/runtime/mantle/mantle-udm/entity/MarketingEntities.xml]
378161   [ndlerThread[#4]] INFO  i.impl.entity.EntityFacadeImpl  - Found [19] entity definitions in [file:/var/dev/moqui-src/runtime/mantle/mantle-udm/entity/OrderEntities.xml]
378558   [ndlerThread[#4]] INFO  i.impl.entity.EntityFacadeImpl  - Found [35] entity definitions in [file:/var/dev/moqui-src/runtime/mantle/mantle-udm/entity/PartyEntities.xml]
378721   [ndlerThread[#4]] INFO  i.impl.entity.EntityFacadeImpl  - Found [21] entity definitions in [file:/var/dev/moqui-src/runtime/mantle/mantle-udm/entity/ProductAssetEntities.xml]
378935   [ndlerThread[#4]] INFO  i.impl.entity.EntityFacadeImpl  - Found [40] entity definitions in [file:/var/dev/moqui-src/runtime/mantle/mantle-udm/entity/ProductDefinitionEntities.xml]
378943   [ndlerThread[#4]] INFO  i.impl.entity.EntityFacadeImpl  - Found [9] entity definitions in [file:/var/dev/moqui-src/runtime/mantle/mantle-udm/entity/ProductStoreEntities.xml]
378953   [ndlerThread[#4]] INFO  i.impl.entity.EntityFacadeImpl  - Found [15] entity definitions in [file:/var/dev/moqui-src/runtime/mantle/mantle-udm/entity/RequestEntities.xml]
378960   [ndlerThread[#4]] INFO  i.impl.entity.EntityFacadeImpl  - Found [10] entity definitions in [file:/var/dev/moqui-src/runtime/mantle/mantle-udm/entity/SalesEntities.xml]
378975   [ndlerThread[#4]] INFO  i.impl.entity.EntityFacadeImpl  - Found [21] entity definitions in [file:/var/dev/moqui-src/runtime/mantle/mantle-udm/entity/ShipmentEntities.xml]
378988   [ndlerThread[#4]] INFO  i.impl.entity.EntityFacadeImpl  - Found [19] entity definitions in [file:/var/dev/moqui-src/runtime/mantle/mantle-udm/entity/WorkEffortEntities.xml]
378991   [ndlerThread[#4]] INFO  i.impl.entity.EntityFacadeImpl  - Found [1] entity definitions in [file:/var/dev/moqui-src/runtime/component/tools/entity/ToolTestEntities.xml]
380328   [ndlerThread[#4]] WARN  os.jdbc.AbstractDataSourceBean  - AtomikosDataSoureBean 'DEFAULTtransactional': no testQuery set - the connection pool will not be able to validate the connections!
386171   [ndlerThread[#4]] INFO  moqui.impl.entity.EntityDbMeta  - Checked table for entity [DbViewEntity] in 5.829 seconds
388732   [ndlerThread[#4]] INFO  i.impl.entity.EntityFacadeImpl  - Found [1] view-entity definitions in database (moqui.entity.DbViewEntity)
389347   [ndlerThread[#4]] INFO  i.impl.context.CacheFacadeImpl  - Initialized new cache [entity.DEFAULT.one.TenantHostDefault]
389676   [ndlerThread[#4]] WARN  os.jdbc.AbstractDataSourceBean  - AtomikosDataSoureBean 'DEFAULTtenantcommon': no testQuery set - the connection pool will not be able to validate the connections!
390066   [ndlerThread[#4]] INFO  moqui.impl.entity.EntityDbMeta  - Checked table for entity [TenantHostDefault] in 0.389 seconds
391372   [ndlerThread[#4]] INFO  nfig.IniSecurityManagerFactory  - Realms have been explicitly set on the SecurityManager instance - auto-setting of realms will not occur.
392263   [ndlerThread[#4]] INFO  i.impl.context.CacheFacadeImpl  - Initialized new cache [entity.DEFAULT.list.moqui.entity.UserField]
392277   [ndlerThread[#4]] INFO  moqui.impl.entity.EntityDbMeta  - Checked table for entity [UserField] in 0.008 seconds
392398   [ndlerThread[#4]] INFO  i.impl.context.CacheFacadeImpl  - Initialized new cache [entity.DEFAULT.list_ra.moqui.entity.UserField]
392532   [ndlerThread[#4]] INFO  i.impl.context.CacheFacadeImpl  - Initialized new cache [entity.DEFAULT.list.moqui.security.ArtifactAuthzCheckView]
392563   [ndlerThread[#4]] INFO  moqui.impl.entity.EntityDbMeta  - Checked table for entity [ArtifactAuthz] in 0.009 seconds
392579   [ndlerThread[#4]] INFO  moqui.impl.entity.EntityDbMeta  - Checked table for entity [ArtifactGroupMember] in 0.015 seconds
392682   [ndlerThread[#4]] INFO  moqui.impl.entity.EntityDbMeta  - Checked table for entity [ArtifactAuthzRecord] in 0.102 seconds
392952   [ndlerThread[#4]] INFO  i.impl.context.CacheFacadeImpl  - Initialized new cache [entity.DEFAULT.list_ra.moqui.security.ArtifactAuthz]
392957   [ndlerThread[#4]] INFO  i.impl.context.CacheFacadeImpl  - Initialized new cache [entity.DEFAULT.list_ra.moqui.security.ArtifactGroupMember]
392962   [ndlerThread[#4]] INFO  i.impl.context.CacheFacadeImpl  - Initialized new cache [entity.DEFAULT.list_ra.moqui.security.ArtifactAuthzRecord]
393172   [ndlerThread[#4]] INFO  moqui.impl.entity.EntityDbMeta  - Checked table for entity [SequenceValueItem] in 0.008 seconds
393703   [ndlerThread[#4]] INFO  moqui.impl.entity.EntityDbMeta  - Checked table for entity [Visit] in 0.014 seconds
393984   [ndlerThread[#4]] INFO  ui.impl.context.UserFacadeImpl  - Created new Visit with ID [104900] in session [56704e4fde7e634021b7ca00cd1dc954]
1330308  [ionMgmt:default] WARN  i.impl.entity.EntityFacadeImpl  - No location cache found for entity-name [moqui.server.Visit], reloading ALL entity file locations known.
1330418  [ionMgmt:default] INFO  i.impl.entity.EntityFacadeImpl  - Found [20] entity definitions in [jar:file:/tmp/winstone/byersa/moqui-1.1.2.war/WEB-INF/lib/moqui-framework-1.1.2.jar!/entity/BasicEntities.xml]
1330423  [ionMgmt:default] INFO  i.impl.entity.EntityFacadeImpl  - Found [8] entity definitions in [jar:file:/tmp/winstone/byersa/moqui-1.1.2.war/WEB-INF/lib/moqui-framework-1.1.2.jar!/entity/EntityEntities.xml]
1330425  [ionMgmt:default] INFO  i.impl.entity.EntityFacadeImpl  - Found [2] entity definitions in [jar:file:/tmp/winstone/byersa/moqui-1.1.2.war/WEB-INF/lib/moqui-framework-1.1.2.jar!/entity/OlapEntities.xml]
1330430  [ionMgmt:default] INFO  i.impl.entity.EntityFacadeImpl  - Found [12] entity definitions in [jar:file:/tmp/winstone/byersa/moqui-1.1.2.war/WEB-INF/lib/moqui-framework-1.1.2.jar!/entity/ScreenEntities.xml]
1330504  [ionMgmt:default] INFO  i.impl.entity.EntityFacadeImpl  - Found [20] entity definitions in [jar:file:/tmp/winstone/byersa/moqui-1.1.2.war/WEB-INF/lib/moqui-framework-1.1.2.jar!/entity/SecurityEntities.xml]
1330515  [ionMgmt:default] INFO  i.impl.entity.EntityFacadeImpl  - Found [5] entity definitions in [jar:file:/tmp/winstone/byersa/moqui-1.1.2.war/WEB-INF/lib/moqui-framework-1.1.2.jar!/entity/ServerEntities.xml]
1330516  [ionMgmt:default] INFO  i.impl.entity.EntityFacadeImpl  - Found [1] entity definitions in [jar:file:/tmp/winstone/byersa/moqui-1.1.2.war/WEB-INF/lib/moqui-framework-1.1.2.jar!/entity/ServiceEntities.xml]
1330582  [ionMgmt:default] INFO  i.impl.entity.EntityFacadeImpl  - Found [9] entity definitions in [jar:file:/tmp/winstone/byersa/moqui-1.1.2.war/WEB-INF/lib/moqui-framework-1.1.2.jar!/entity/TenantEntities.xml]
1330585  [ionMgmt:default] INFO  i.impl.entity.EntityFacadeImpl  - Found [5] entity definitions in [file:/var/dev/moqui-src/runtime/component/example/entity/ExampleEntities.xml]
1330588  [ionMgmt:default] INFO  i.impl.entity.EntityFacadeImpl  - Found [8] entity definitions in [file:/var/dev/moqui-src/runtime/component/example/entity/ExampleViewEntities.xml]
1330614  [ionMgmt:default] INFO  i.impl.entity.EntityFacadeImpl  - Found [27] entity definitions in [file:/var/dev/moqui-src/runtime/mantle/mantle-udm/entity/AccountingAccountEntities.xml]
1330631  [ionMgmt:default] INFO  i.impl.entity.EntityFacadeImpl  - Found [27] entity definitions in [file:/var/dev/moqui-src/runtime/mantle/mantle-udm/entity/AccountingLedgerEntities.xml]
1330637  [ionMgmt:default] INFO  i.impl.entity.EntityFacadeImpl  - Found [14] entity definitions in [file:/var/dev/moqui-src/runtime/mantle/mantle-udm/entity/AccountingOtherEntities.xml]
1330640  [ionMgmt:default] INFO  i.impl.entity.EntityFacadeImpl  - Found [10] entity definitions in [file:/var/dev/moqui-src/runtime/mantle/mantle-udm/entity/FacilityEntities.xml]
1330755  [ionMgmt:default] INFO  i.impl.entity.EntityFacadeImpl  - Found [26] entity definitions in [file:/var/dev/moqui-src/runtime/mantle/mantle-udm/entity/HumanResourcesEntities.xml]
1330772  [ionMgmt:default] INFO  i.impl.entity.EntityFacadeImpl  - Found [16] entity definitions in [file:/var/dev/moqui-src/runtime/mantle/mantle-udm/entity/MarketingEntities.xml]
1330783  [ionMgmt:default] INFO  i.impl.entity.EntityFacadeImpl  - Found [19] entity definitions in [file:/var/dev/moqui-src/runtime/mantle/mantle-udm/entity/OrderEntities.xml]
1330886  [ionMgmt:default] INFO  i.impl.entity.EntityFacadeImpl  - Found [35] entity definitions in [file:/var/dev/moqui-src/runtime/mantle/mantle-udm/entity/PartyEntities.xml]
1330896  [ionMgmt:default] INFO  i.impl.entity.EntityFacadeImpl  - Found [21] entity definitions in [file:/var/dev/moqui-src/runtime/mantle/mantle-udm/entity/ProductAssetEntities.xml]
1330940  [ionMgmt:default] INFO  i.impl.entity.EntityFacadeImpl  - Found [40] entity definitions in [file:/var/dev/moqui-src/runtime/mantle/mantle-udm/entity/ProductDefinitionEntities.xml]
1331043  [ionMgmt:default] INFO  i.impl.entity.EntityFacadeImpl  - Found [9] entity definitions in [file:/var/dev/moqui-src/runtime/mantle/mantle-udm/entity/ProductStoreEntities.xml]
1331048  [ionMgmt:default] INFO  i.impl.entity.EntityFacadeImpl  - Found [15] entity definitions in [file:/var/dev/moqui-src/runtime/mantle/mantle-udm/entity/RequestEntities.xml]
1331052  [ionMgmt:default] INFO  i.impl.entity.EntityFacadeImpl  - Found [10] entity definitions in [file:/var/dev/moqui-src/runtime/mantle/mantle-udm/entity/SalesEntities.xml]
1331059  [ionMgmt:default] INFO  i.impl.entity.EntityFacadeImpl  - Found [21] entity definitions in [file:/var/dev/moqui-src/runtime/mantle/mantle-udm/entity/ShipmentEntities.xml]
1331126  [ionMgmt:default] INFO  i.impl.entity.EntityFacadeImpl  - Found [19] entity definitions in [file:/var/dev/moqui-src/runtime/mantle/mantle-udm/entity/WorkEffortEntities.xml]
1331128  [ionMgmt:default] INFO  i.impl.entity.EntityFacadeImpl  - Found [1] entity definitions in [file:/var/dev/moqui-src/runtime/component/tools/entity/ToolTestEntities.xml]
1331135  [ionMgmt:default] INFO  xt.ExecutionContextFactoryImpl  - Advancing ArtifactHitBin [entity.list:DbViewEntity] current hit start [2012-11-13 14:03:56.426], bin start [2012-11-13 13:48:04.884] bin length 900 seconds
1331246  [ionMgmt:default] INFO  i.impl.entity.EntityFacadeImpl  - Found [1] view-entity definitions in database (moqui.entity.DbViewEntity)
1331528  [eduler_Worker-1] INFO  xt.ExecutionContextFactoryImpl  - Advancing ArtifactHitBin [entity.list:UserField] current hit start [2012-11-13 14:03:56.669], bin start [2012-11-13 13:48:17.558] bin length 900 seconds
1331673  [eduler_Worker-1] INFO  xt.ExecutionContextFactoryImpl  - Advancing ArtifactHitBin [entity.one:SequenceValueItem] current hit start [2012-11-13 14:03:56.851], bin start [2012-11-13 13:48:18.459] bin length 900 seconds
1331710  [eduler_Worker-1] INFO  xt.ExecutionContextFactoryImpl  - Advancing ArtifactHitBin [entity.update:SequenceValueItem] current hit start [2012-11-13 14:03:56.987], bin start [2012-11-13 13:48:18.507] bin length 900 seconds
1332143  [eduler_Worker-1] INFO  moqui.impl.entity.EntityDbMeta  - Checked table for entity [ArtifactHitBin] in 0.234 seconds
1838541  [ndlerThread[#4]] WARN  i.impl.entity.EntityFacadeImpl  - No location cache found for entity-name [TenantHostDefault], reloading ALL entity file locations known.
1838566  [ndlerThread[#4]] INFO  i.impl.entity.EntityFacadeImpl  - Found [20] entity definitions in [jar:file:/tmp/winstone/byersa/moqui-1.1.2.war/WEB-INF/lib/moqui-framework-1.1.2.jar!/entity/BasicEntities.xml]
1838577  [ndlerThread[#4]] INFO  i.impl.entity.EntityFacadeImpl  - Found [8] entity definitions in [jar:file:/tmp/winstone/byersa/moqui-1.1.2.war/WEB-INF/lib/moqui-framework-1.1.2.jar!/entity/EntityEntities.xml]
1838579  [ndlerThread[#4]] INFO  i.impl.entity.EntityFacadeImpl  - Found [2] entity definitions in [jar:file:/tmp/winstone/byersa/moqui-1.1.2.war/WEB-INF/lib/moqui-framework-1.1.2.jar!/entity/OlapEntities.xml]
1838679  [ndlerThread[#4]] INFO  i.impl.entity.EntityFacadeImpl  - Found [12] entity definitions in [jar:file:/tmp/winstone/byersa/moqui-1.1.2.war/WEB-INF/lib/moqui-framework-1.1.2.jar!/entity/ScreenEntities.xml]
1838686  [ndlerThread[#4]] INFO  i.impl.entity.EntityFacadeImpl  - Found [20] entity definitions in [jar:file:/tmp/winstone/byersa/moqui-1.1.2.war/WEB-INF/lib/moqui-framework-1.1.2.jar!/entity/SecurityEntities.xml]
1838689  [ndlerThread[#4]] INFO  i.impl.entity.EntityFacadeImpl  - Found [5] entity definitions in [jar:file:/tmp/winstone/byersa/moqui-1.1.2.war/WEB-INF/lib/moqui-framework-1.1.2.jar!/entity/ServerEntities.xml]
1838691  [ndlerThread[#4]] INFO  i.impl.entity.EntityFacadeImpl  - Found [1] entity definitions in [jar:file:/tmp/winstone/byersa/moqui-1.1.2.war/WEB-INF/lib/moqui-framework-1.1.2.jar!/entity/ServiceEntities.xml]
1838695  [ndlerThread[#4]] INFO  i.impl.entity.EntityFacadeImpl  - Found [9] entity definitions in [jar:file:/tmp/winstone/byersa/moqui-1.1.2.war/WEB-INF/lib/moqui-framework-1.1.2.jar!/entity/TenantEntities.xml]
1838698  [ndlerThread[#4]] INFO  i.impl.entity.EntityFacadeImpl  - Found [5] entity definitions in [file:/var/dev/moqui-src/runtime/component/example/entity/ExampleEntities.xml]
1838701  [ndlerThread[#4]] INFO  i.impl.entity.EntityFacadeImpl  - Found [8] entity definitions in [file:/var/dev/moqui-src/runtime/component/example/entity/ExampleViewEntities.xml]
1838710  [ndlerThread[#4]] INFO  i.impl.entity.EntityFacadeImpl  - Found [27] entity definitions in [file:/var/dev/moqui-src/runtime/mantle/mantle-udm/entity/AccountingAccountEntities.xml]
1838719  [ndlerThread[#4]] INFO  i.impl.entity.EntityFacadeImpl  - Found [27] entity definitions in [file:/var/dev/moqui-src/runtime/mantle/mantle-udm/entity/AccountingLedgerEntities.xml]
1838724  [ndlerThread[#4]] INFO  i.impl.entity.EntityFacadeImpl  - Found [14] entity definitions in [file:/var/dev/moqui-src/runtime/mantle/mantle-udm/entity/AccountingOtherEntities.xml]
1838727  [ndlerThread[#4]] INFO  i.impl.entity.EntityFacadeImpl  - Found [10] entity definitions in [file:/var/dev/moqui-src/runtime/mantle/mantle-udm/entity/FacilityEntities.xml]
1838843  [ndlerThread[#4]] INFO  i.impl.entity.EntityFacadeImpl  - Found [26] entity definitions in [file:/var/dev/moqui-src/runtime/mantle/mantle-udm/entity/HumanResourcesEntities.xml]
1838850  [ndlerThread[#4]] INFO  i.impl.entity.EntityFacadeImpl  - Found [16] entity definitions in [file:/var/dev/moqui-src/runtime/mantle/mantle-udm/entity/MarketingEntities.xml]
1838874  [ndlerThread[#4]] INFO  i.impl.entity.EntityFacadeImpl  - Found [19] entity definitions in [file:/var/dev/moqui-src/runtime/mantle/mantle-udm/entity/OrderEntities.xml]
1838975  [ndlerThread[#4]] INFO  i.impl.entity.EntityFacadeImpl  - Found [35] entity definitions in [file:/var/dev/moqui-src/runtime/mantle/mantle-udm/entity/PartyEntities.xml]
1838983  [ndlerThread[#4]] INFO  i.impl.entity.EntityFacadeImpl  - Found [21] entity definitions in [file:/var/dev/moqui-src/runtime/mantle/mantle-udm/entity/ProductAssetEntities.xml]
1838994  [ndlerThread[#4]] INFO  i.impl.entity.EntityFacadeImpl  - Found [40] entity definitions in [file:/var/dev/moqui-src/runtime/mantle/mantle-udm/entity/ProductDefinitionEntities.xml]
1839001  [ndlerThread[#4]] INFO  i.impl.entity.EntityFacadeImpl  - Found [9] entity definitions in [file:/var/dev/moqui-src/runtime/mantle/mantle-udm/entity/ProductStoreEntities.xml]
1839006  [ndlerThread[#4]] INFO  i.impl.entity.EntityFacadeImpl  - Found [15] entity definitions in [file:/var/dev/moqui-src/runtime/mantle/mantle-udm/entity/RequestEntities.xml]
1839010  [ndlerThread[#4]] INFO  i.impl.entity.EntityFacadeImpl  - Found [10] entity definitions in [file:/var/dev/moqui-src/runtime/mantle/mantle-udm/entity/SalesEntities.xml]
1839018  [ndlerThread[#4]] INFO  i.impl.entity.EntityFacadeImpl  - Found [21] entity definitions in [file:/var/dev/moqui-src/runtime/mantle/mantle-udm/entity/ShipmentEntities.xml]
1839024  [ndlerThread[#4]] INFO  i.impl.entity.EntityFacadeImpl  - Found [19] entity definitions in [file:/var/dev/moqui-src/runtime/mantle/mantle-udm/entity/WorkEffortEntities.xml]
1839025  [ndlerThread[#4]] INFO  i.impl.entity.EntityFacadeImpl  - Found [1] entity definitions in [file:/var/dev/moqui-src/runtime/component/tools/entity/ToolTestEntities.xml]
1839138  [ndlerThread[#4]] INFO  i.impl.entity.EntityFacadeImpl  - Found [1] view-entity definitions in database (moqui.entity.DbViewEntity)
1839164  [ndlerThread[#4]] INFO  xt.ExecutionContextFactoryImpl  - Advancing ArtifactHitBin [entity.create:Visit] current hit start [2012-11-13 14:12:24.453], bin start [2012-11-13 13:48:18.98] bin length 900 seconds
1839283  [ndlerThread[#4]] INFO  xt.ExecutionContextFactoryImpl  - Advancing ArtifactHitBin [service.entity-implicit:create#moqui.server.Visit] current hit start [2012-11-13 14:12:24.444], bin start [2012-11-13 13:48:17.699] bin length 900 seconds
1839294  [ndlerThread[#4]] INFO  ui.impl.context.UserFacadeImpl  - Created new Visit with ID [104901] in session [ee28ead9771fda1fc4af6d117207ba12]
1890396  [       Thread-3] INFO  pl.webapp.MoquiContextListener  - Destroying Moqui Execution Context Factory for webapp [ROOT]
1890421  [       Thread-3] INFO  camel.impl.DefaultCamelContext  - Apache Camel 2.9.2 (CamelContext: camel-1) is shutting down
1890424  [       Thread-3] INFO  l.impl.DefaultShutdownStrategy  - Starting to graceful shutdown 0 routes (timeout 300 seconds)
1890526  [       Thread-3] INFO  l.impl.DefaultShutdownStrategy  - Graceful shutdown of 0 routes completed in 0 seconds
1890614  [       Thread-3] INFO  impl.DefaultInflightRepository  - Shutting down with no inflight exchanges.
1890615  [       Thread-3] INFO  camel.impl.DefaultCamelContext  - Uptime: 31 minutes
1890615  [       Thread-3] INFO  camel.impl.DefaultCamelContext  - Apache Camel 2.9.2 (CamelContext: camel-1) is shutdown in 0.194 seconds
1890642  [       Thread-4] INFO  pl.webapp.MoquiContextListener  - Destroying Moqui Execution Context Factory for webapp [ROOT]
1890643  [       Thread-4] INFO  pl.webapp.MoquiContextListener  - Destroyed Moqui Execution Context Factory for webapp [ROOT]
1891805  [       Thread-3] INFO  pl.webapp.MoquiContextListener  - Destroyed Moqui Execution Context Factory for webapp [ROOT]
0        [           main] INFO  pl.webapp.MoquiContextListener  - Loading Moqui Webapp at [ROOT], moqui webapp name [webroot], context name [Moqui Root Webapp], located at [/tmp/winstone/byersa/moqui-1.1.2.war/]
406      [           main] INFO  xt.ExecutionContextFactoryImpl  - Initializing Moqui ExecutionContextFactoryImpl
 - runtime directory [/var/dev/moqui-src/runtime]
 - config file [/var/dev/moqui-src/runtime/conf/MoquiDevConf.xml]
 - moqui.runtime property [/var/dev/moqui-src/runtime]
937      [           main] INFO  xt.ExecutionContextFactoryImpl  - Added component [tools] at [file:/var/dev/moqui-src/runtime/component/tools]
998      [           main] INFO  xt.ExecutionContextFactoryImpl  - Added component [contacts] at [file:/var/dev/moqui-src/runtime/component/contacts]
998      [           main] INFO  xt.ExecutionContextFactoryImpl  - Added component [ccoach] at [file:/var/dev/moqui-src/runtime/component/ccoach]
998      [           main] INFO  xt.ExecutionContextFactoryImpl  - Added component [example] at [file:/var/dev/moqui-src/runtime/component/example]
999      [           main] INFO  xt.ExecutionContextFactoryImpl  - Added component [webroot] at [file:/var/dev/moqui-src/runtime/component/webroot]
999      [           main] INFO  xt.ExecutionContextFactoryImpl  - Added component [mantle-usl] at [file:/var/dev/moqui-src/runtime/mantle/mantle-usl]
1000     [           main] INFO  xt.ExecutionContextFactoryImpl  - Added component [mantle-ubpl] at [file:/var/dev/moqui-src/runtime/mantle/mantle-ubpl]
1000     [           main] INFO  xt.ExecutionContextFactoryImpl  - Added component [mantle-udm] at [file:/var/dev/moqui-src/runtime/mantle/mantle-udm]
1001     [           main] WARN  xt.ExecutionContextFactoryImpl  - Overriding component [example] at [file:/var/dev/moqui-src/runtime/component/example] with location [component/example] because another component of the same name was initialized.
1002     [           main] INFO  xt.ExecutionContextFactoryImpl  - Added component [example] at [component/example]
1015     [           main] INFO  xt.ExecutionContextFactoryImpl  - Added JAR from runtime/lib: mysql-connector-java-5.1.20-bin.jar
1017     [           main] INFO  xt.ExecutionContextFactoryImpl  - Added JAR from runtime/lib: aws-java-sdk-1.3.22.jar
2060     [           main] INFO  xt.ExecutionContextFactoryImpl  - Moqui CacheFacadeImpl Initialized
2072     [           main] INFO  xt.ExecutionContextFactoryImpl  - Moqui LoggerFacadeImpl Initialized
3244     [           main] INFO  i.impl.context.CacheFacadeImpl  - Initialized new cache [resource.ftl.location]
3495     [           main] INFO  i.impl.context.CacheFacadeImpl  - Initialized new cache [resource.xml-actions.location]
3498     [           main] INFO  i.impl.context.CacheFacadeImpl  - Initialized new cache [resource.text.location]
3500     [           main] INFO  i.impl.context.CacheFacadeImpl  - Initialized new cache [resource.groovy.expression]
3825     [           main] INFO  i.impl.context.CacheFacadeImpl  - Initialized new cache [resource.gstring.location]
3853     [           main] INFO  i.impl.context.CacheFacadeImpl  - Initialized new cache [resource.wiki.location]
3972     [           main] INFO  i.impl.context.CacheFacadeImpl  - Initialized new cache [resource.groovy.location]
3980     [           main] INFO  i.impl.context.CacheFacadeImpl  - Initialized new cache [resource.javascript.location]
3997     [           main] ERROR mpl.context.ResourceFacadeImpl  - Error getting JCR content repository with name [main], is of type [davex] at location [http://localhost:8081/server]: javax.jcr.RepositoryException: Unable to access a repository with the following settings:
    org.apache.jackrabbit.repository.uri: http://localhost:8081/server
The following RepositoryFactory classes were consulted:
    org.apache.jackrabbit.commons.JndiRepositoryFactory: declined
Perhaps the repository you are trying to access is not available at the moment.
3999     [           main] INFO  xt.ExecutionContextFactoryImpl  - Moqui ResourceFacadeImpl Initialized
4127     [           main] WARN  nfig.UserTransactionServiceImp  - No properties path set - looking for transactions.properties in classpath...
4129     [           main] WARN  nfig.UserTransactionServiceImp  - transactions.properties not found - looking for jta.properties in classpath...
4130     [           main] WARN  nfig.UserTransactionServiceImp  - Using init file: file:/tmp/winstone/byersa/moqui-1.1.2.war/WEB-INF/lib/moqui-framework-1.1.2.jar!/jta.properties
5239     [           main] INFO  xt.ExecutionContextFactoryImpl  - Moqui TransactionFacadeImpl Initialized
5722     [           main] INFO  ty.EntityDatasourceFactoryImpl  - Set property derby.system.home to [/var/dev/moqui-src/runtime/db/derby]
5863     [           main] INFO  ty.EntityDatasourceFactoryImpl  - Set property derby.system.home to [/var/dev/moqui-src/runtime/db/derby]
5864     [           main] INFO  ty.EntityDatasourceFactoryImpl  - Set property derby.system.home to [/var/dev/moqui-src/runtime/db/derby]
5884     [           main] INFO  i.impl.context.CacheFacadeImpl  - Initialized new cache [entity.definition]
5886     [           main] INFO  i.impl.context.CacheFacadeImpl  - Initialized new cache [entity.location]
5892     [           main] INFO  i.impl.context.CacheFacadeImpl  - Initialized new cache [entity.sequence.bank]
6067     [           main] INFO  xt.ExecutionContextFactoryImpl  - Moqui EntityFacadeImpl for DEFAULT Tenant Initialized
6298     [           main] INFO  uartz.impl.StdSchedulerFactory  - Using default implementation for ThreadExecutor
6302     [           main] INFO  .quartz.simpl.SimpleThreadPool  - Job execution threads will use class loader of thread: main
6540     [           main] INFO    org.quartz.simpl.RAMJobStore  - RAMJobStore initialized.
6640     [           main] INFO  uartz.impl.StdSchedulerFactory  - Quartz scheduler 'DefaultQuartzScheduler' initialized from default resource file in Quartz package: 'quartz.properties'
6644     [           main] INFO  uartz.impl.StdSchedulerFactory  - Quartz scheduler version: 2.1.5
6646     [           main] INFO  i.impl.context.CacheFacadeImpl  - Initialized new cache [service.location]
6651     [           main] INFO  impl.service.ServiceFacadeImpl  - Loaded [0] Service ECA rules from [file:/var/dev/moqui-src/runtime/component/example/service/Example.secas.xml]
6817     [           main] INFO  i.impl.context.CacheFacadeImpl  - Initialized new cache [service.java.class]
6907     [           main] INFO  xt.ExecutionContextFactoryImpl  - Moqui ServiceFacadeImpl Initialized
6915     [           main] INFO  i.impl.context.CacheFacadeImpl  - Initialized new cache [screen.location]
6916     [           main] INFO  i.impl.context.CacheFacadeImpl  - Initialized new cache [screen.template.mode]
6918     [           main] INFO  i.impl.context.CacheFacadeImpl  - Initialized new cache [screen.template.location]
6919     [           main] INFO  xt.ExecutionContextFactoryImpl  - Moqui ScreenFacadeImpl Initialized
6935     [           main] INFO  xt.ExecutionContextFactoryImpl  - Moqui L10nFacadeImpl Initialized
7288     [           main] INFO  camel.impl.DefaultCamelContext  - Apache Camel 2.9.2 (CamelContext: camel-1) is starting
7292     [           main] INFO  ment.ManagementStrategyFactory  - JMX enabled. Using ManagedManagementStrategy.
7816     [           main] INFO  ultManagementLifecycleStrategy  - StatisticsLevel at All so enabling load performance statistics
9326     [           main] INFO  .AnnotationTypeConverterLoader  - Found 3 packages with 15 @Converter classes to load
10132    [           main] INFO  converter.DefaultTypeConverter  - Loaded 170 core type converters (total 170 type converters)
10147    [           main] INFO  .AnnotationTypeConverterLoader  - Loaded 3 @Converter classes
10248    [           main] INFO  converter.DefaultTypeConverter  - Loaded additional 13 type converters (total 183 type converters) in 0.110 seconds
10368    [           main] INFO  camel.impl.DefaultCamelContext  - Total 0 routes, of which 0 is started.
10371    [           main] INFO  camel.impl.DefaultCamelContext  - Apache Camel 2.9.2 (CamelContext: camel-1) started in 3.081 seconds
10372    [           main] INFO  xt.ExecutionContextFactoryImpl  - Moqui ExecutionContextFactoryImpl Initialization Complete
10379    [           main] INFO  pl.webapp.MoquiContextListener  - Loaded Moqui Execution Context Factory for webapp [ROOT]
72415    [ndlerThread[#3]] INFO  i.impl.context.CacheFacadeImpl  - Initialized new cache [artifact.tarpit.hits]
72454    [ndlerThread[#3]] WARN  i.impl.entity.EntityFacadeImpl  - No location cache found for entity-name [TenantHostDefault], reloading ALL entity file locations known.
72905    [ndlerThread[#3]] INFO  i.impl.entity.EntityFacadeImpl  - Found [20] entity definitions in [jar:file:/tmp/winstone/byersa/moqui-1.1.2.war/WEB-INF/lib/moqui-framework-1.1.2.jar!/entity/BasicEntities.xml]
72917    [ndlerThread[#3]] INFO  i.impl.entity.EntityFacadeImpl  - Found [8] entity definitions in [jar:file:/tmp/winstone/byersa/moqui-1.1.2.war/WEB-INF/lib/moqui-framework-1.1.2.jar!/entity/EntityEntities.xml]
72925    [ndlerThread[#3]] INFO  i.impl.entity.EntityFacadeImpl  - Found [2] entity definitions in [jar:file:/tmp/winstone/byersa/moqui-1.1.2.war/WEB-INF/lib/moqui-framework-1.1.2.jar!/entity/OlapEntities.xml]
73039    [ndlerThread[#3]] INFO  i.impl.entity.EntityFacadeImpl  - Found [12] entity definitions in [jar:file:/tmp/winstone/byersa/moqui-1.1.2.war/WEB-INF/lib/moqui-framework-1.1.2.jar!/entity/ScreenEntities.xml]
73072    [ndlerThread[#3]] INFO  i.impl.entity.EntityFacadeImpl  - Found [20] entity definitions in [jar:file:/tmp/winstone/byersa/moqui-1.1.2.war/WEB-INF/lib/moqui-framework-1.1.2.jar!/entity/SecurityEntities.xml]
73083    [ndlerThread[#3]] INFO  i.impl.entity.EntityFacadeImpl  - Found [5] entity definitions in [jar:file:/tmp/winstone/byersa/moqui-1.1.2.war/WEB-INF/lib/moqui-framework-1.1.2.jar!/entity/ServerEntities.xml]
73090    [ndlerThread[#3]] INFO  i.impl.entity.EntityFacadeImpl  - Found [1] entity definitions in [jar:file:/tmp/winstone/byersa/moqui-1.1.2.war/WEB-INF/lib/moqui-framework-1.1.2.jar!/entity/ServiceEntities.xml]
73190    [ndlerThread[#3]] INFO  i.impl.entity.EntityFacadeImpl  - Found [9] entity definitions in [jar:file:/tmp/winstone/byersa/moqui-1.1.2.war/WEB-INF/lib/moqui-framework-1.1.2.jar!/entity/TenantEntities.xml]
73198    [ndlerThread[#3]] INFO  i.impl.entity.EntityFacadeImpl  - Found [5] entity definitions in [file:/var/dev/moqui-src/runtime/component/example/entity/ExampleEntities.xml]
73206    [ndlerThread[#3]] INFO  i.impl.entity.EntityFacadeImpl  - Found [8] entity definitions in [file:/var/dev/moqui-src/runtime/component/example/entity/ExampleViewEntities.xml]
73243    [ndlerThread[#3]] INFO  i.impl.entity.EntityFacadeImpl  - Found [27] entity definitions in [file:/var/dev/moqui-src/runtime/mantle/mantle-udm/entity/AccountingAccountEntities.xml]
73877    [ndlerThread[#3]] INFO  i.impl.entity.EntityFacadeImpl  - Found [27] entity definitions in [file:/var/dev/moqui-src/runtime/mantle/mantle-udm/entity/AccountingLedgerEntities.xml]
74242    [ndlerThread[#3]] INFO  i.impl.entity.EntityFacadeImpl  - Found [14] entity definitions in [file:/var/dev/moqui-src/runtime/mantle/mantle-udm/entity/AccountingOtherEntities.xml]
74265    [ndlerThread[#3]] INFO  i.impl.entity.EntityFacadeImpl  - Found [10] entity definitions in [file:/var/dev/moqui-src/runtime/mantle/mantle-udm/entity/FacilityEntities.xml]
74495    [ndlerThread[#3]] INFO  i.impl.entity.EntityFacadeImpl  - Found [26] entity definitions in [file:/var/dev/moqui-src/runtime/mantle/mantle-udm/entity/HumanResourcesEntities.xml]
74693    [ndlerThread[#3]] INFO  i.impl.entity.EntityFacadeImpl  - Found [16] entity definitions in [file:/var/dev/moqui-src/runtime/mantle/mantle-udm/entity/MarketingEntities.xml]
74733    [ndlerThread[#3]] INFO  i.impl.entity.EntityFacadeImpl  - Found [19] entity definitions in [file:/var/dev/moqui-src/runtime/mantle/mantle-udm/entity/OrderEntities.xml]
74861    [ndlerThread[#3]] INFO  i.impl.entity.EntityFacadeImpl  - Found [35] entity definitions in [file:/var/dev/moqui-src/runtime/mantle/mantle-udm/entity/PartyEntities.xml]
74892    [ndlerThread[#3]] INFO  i.impl.entity.EntityFacadeImpl  - Found [21] entity definitions in [file:/var/dev/moqui-src/runtime/mantle/mantle-udm/entity/ProductAssetEntities.xml]
75284    [ndlerThread[#3]] INFO  i.impl.entity.EntityFacadeImpl  - Found [40] entity definitions in [file:/var/dev/moqui-src/runtime/mantle/mantle-udm/entity/ProductDefinitionEntities.xml]
75405    [ndlerThread[#3]] INFO  i.impl.entity.EntityFacadeImpl  - Found [9] entity definitions in [file:/var/dev/moqui-src/runtime/mantle/mantle-udm/entity/ProductStoreEntities.xml]
75788    [ndlerThread[#3]] INFO  i.impl.entity.EntityFacadeImpl  - Found [15] entity definitions in [file:/var/dev/moqui-src/runtime/mantle/mantle-udm/entity/RequestEntities.xml]
75804    [ndlerThread[#3]] INFO  i.impl.entity.EntityFacadeImpl  - Found [10] entity definitions in [file:/var/dev/moqui-src/runtime/mantle/mantle-udm/entity/SalesEntities.xml]
75821    [ndlerThread[#3]] INFO  i.impl.entity.EntityFacadeImpl  - Found [21] entity definitions in [file:/var/dev/moqui-src/runtime/mantle/mantle-udm/entity/ShipmentEntities.xml]
75925    [ndlerThread[#3]] INFO  i.impl.entity.EntityFacadeImpl  - Found [19] entity definitions in [file:/var/dev/moqui-src/runtime/mantle/mantle-udm/entity/WorkEffortEntities.xml]
75929    [ndlerThread[#3]] INFO  i.impl.entity.EntityFacadeImpl  - Found [1] entity definitions in [file:/var/dev/moqui-src/runtime/component/tools/entity/ToolTestEntities.xml]
76686    [ndlerThread[#3]] WARN  os.jdbc.AbstractDataSourceBean  - AtomikosDataSoureBean 'DEFAULTtransactional': no testQuery set - the connection pool will not be able to validate the connections!
81938    [ndlerThread[#3]] INFO  moqui.impl.entity.EntityDbMeta  - Checked table for entity [DbViewEntity] in 5.25 seconds
83871    [ndlerThread[#3]] INFO  i.impl.entity.EntityFacadeImpl  - Found [1] view-entity definitions in database (moqui.entity.DbViewEntity)
84474    [ndlerThread[#3]] INFO  i.impl.context.CacheFacadeImpl  - Initialized new cache [entity.DEFAULT.one.TenantHostDefault]
84748    [ndlerThread[#3]] WARN  os.jdbc.AbstractDataSourceBean  - AtomikosDataSoureBean 'DEFAULTtenantcommon': no testQuery set - the connection pool will not be able to validate the connections!
85147    [ndlerThread[#3]] INFO  moqui.impl.entity.EntityDbMeta  - Checked table for entity [TenantHostDefault] in 0.399 seconds
87105    [ndlerThread[#3]] INFO  nfig.IniSecurityManagerFactory  - Realms have been explicitly set on the SecurityManager instance - auto-setting of realms will not occur.
88373    [ndlerThread[#3]] INFO  i.impl.context.CacheFacadeImpl  - Initialized new cache [entity.DEFAULT.list.moqui.entity.UserField]
88390    [ndlerThread[#3]] INFO  moqui.impl.entity.EntityDbMeta  - Checked table for entity [UserField] in 0.009 seconds
88518    [ndlerThread[#3]] INFO  i.impl.context.CacheFacadeImpl  - Initialized new cache [entity.DEFAULT.list_ra.moqui.entity.UserField]
88869    [ndlerThread[#3]] INFO  i.impl.context.CacheFacadeImpl  - Initialized new cache [entity.DEFAULT.list.moqui.security.ArtifactAuthzCheckView]
88903    [ndlerThread[#3]] INFO  moqui.impl.entity.EntityDbMeta  - Checked table for entity [ArtifactAuthz] in 0.009 seconds
89003    [ndlerThread[#3]] INFO  moqui.impl.entity.EntityDbMeta  - Checked table for entity [ArtifactGroupMember] in 0.099 seconds
89018    [ndlerThread[#3]] INFO  moqui.impl.entity.EntityDbMeta  - Checked table for entity [ArtifactAuthzRecord] in 0.013 seconds
89179    [ndlerThread[#3]] INFO  i.impl.context.CacheFacadeImpl  - Initialized new cache [entity.DEFAULT.list_ra.moqui.security.ArtifactAuthz]
89245    [ndlerThread[#3]] INFO  i.impl.context.CacheFacadeImpl  - Initialized new cache [entity.DEFAULT.list_ra.moqui.security.ArtifactGroupMember]
89249    [ndlerThread[#3]] INFO  i.impl.context.CacheFacadeImpl  - Initialized new cache [entity.DEFAULT.list_ra.moqui.security.ArtifactAuthzRecord]
89392    [ndlerThread[#3]] INFO  moqui.impl.entity.EntityDbMeta  - Checked table for entity [SequenceValueItem] in 0.099 seconds
89945    [ndlerThread[#3]] INFO  moqui.impl.entity.EntityDbMeta  - Checked table for entity [Visit] in 0.12 seconds
90184    [ndlerThread[#3]] INFO  ui.impl.context.UserFacadeImpl  - Created new Visit with ID [105000] in session [d4f713fa2a17663812ab29d4ac68fdf5]
490612   [       Thread-3] WARN  i.impl.entity.EntityFacadeImpl  - No location cache found for entity-name [moqui.server.Visit], reloading ALL entity file locations known.
490613   [       Thread-4] WARN  i.impl.entity.EntityFacadeImpl  - No location cache found for entity-name [moqui.server.Visit], reloading ALL entity file locations known.
490635   [       Thread-4] INFO  i.impl.entity.EntityFacadeImpl  - Found [20] entity definitions in [jar:file:/tmp/winstone/byersa/moqui-1.1.2.war/WEB-INF/lib/moqui-framework-1.1.2.jar!/entity/BasicEntities.xml]
490730   [       Thread-4] INFO  i.impl.entity.EntityFacadeImpl  - Found [8] entity definitions in [jar:file:/tmp/winstone/byersa/moqui-1.1.2.war/WEB-INF/lib/moqui-framework-1.1.2.jar!/entity/EntityEntities.xml]
490732   [       Thread-4] INFO  i.impl.entity.EntityFacadeImpl  - Found [2] entity definitions in [jar:file:/tmp/winstone/byersa/moqui-1.1.2.war/WEB-INF/lib/moqui-framework-1.1.2.jar!/entity/OlapEntities.xml]
490737   [       Thread-4] INFO  i.impl.entity.EntityFacadeImpl  - Found [12] entity definitions in [jar:file:/tmp/winstone/byersa/moqui-1.1.2.war/WEB-INF/lib/moqui-framework-1.1.2.jar!/entity/ScreenEntities.xml]
490744   [       Thread-4] INFO  i.impl.entity.EntityFacadeImpl  - Found [20] entity definitions in [jar:file:/tmp/winstone/byersa/moqui-1.1.2.war/WEB-INF/lib/moqui-framework-1.1.2.jar!/entity/SecurityEntities.xml]
490747   [       Thread-4] INFO  i.impl.entity.EntityFacadeImpl  - Found [5] entity definitions in [jar:file:/tmp/winstone/byersa/moqui-1.1.2.war/WEB-INF/lib/moqui-framework-1.1.2.jar!/entity/ServerEntities.xml]
490748   [       Thread-4] INFO  i.impl.entity.EntityFacadeImpl  - Found [1] entity definitions in [jar:file:/tmp/winstone/byersa/moqui-1.1.2.war/WEB-INF/lib/moqui-framework-1.1.2.jar!/entity/ServiceEntities.xml]
490752   [       Thread-4] INFO  i.impl.entity.EntityFacadeImpl  - Found [9] entity definitions in [jar:file:/tmp/winstone/byersa/moqui-1.1.2.war/WEB-INF/lib/moqui-framework-1.1.2.jar!/entity/TenantEntities.xml]
490754   [       Thread-4] INFO  i.impl.entity.EntityFacadeImpl  - Found [5] entity definitions in [file:/var/dev/moqui-src/runtime/component/example/entity/ExampleEntities.xml]
490819   [       Thread-4] INFO  i.impl.entity.EntityFacadeImpl  - Found [8] entity definitions in [file:/var/dev/moqui-src/runtime/component/example/entity/ExampleViewEntities.xml]
490841   [       Thread-4] INFO  i.impl.entity.EntityFacadeImpl  - Found [27] entity definitions in [file:/var/dev/moqui-src/runtime/mantle/mantle-udm/entity/AccountingAccountEntities.xml]
490852   [       Thread-4] INFO  i.impl.entity.EntityFacadeImpl  - Found [27] entity definitions in [file:/var/dev/moqui-src/runtime/mantle/mantle-udm/entity/AccountingLedgerEntities.xml]
490861   [       Thread-4] INFO  i.impl.entity.EntityFacadeImpl  - Found [14] entity definitions in [file:/var/dev/moqui-src/runtime/mantle/mantle-udm/entity/AccountingOtherEntities.xml]
490875   [       Thread-4] INFO  i.impl.entity.EntityFacadeImpl  - Found [10] entity definitions in [file:/var/dev/moqui-src/runtime/mantle/mantle-udm/entity/FacilityEntities.xml]
490981   [       Thread-4] INFO  i.impl.entity.EntityFacadeImpl  - Found [26] entity definitions in [file:/var/dev/moqui-src/runtime/mantle/mantle-udm/entity/HumanResourcesEntities.xml]
490995   [       Thread-4] INFO  i.impl.entity.EntityFacadeImpl  - Found [16] entity definitions in [file:/var/dev/moqui-src/runtime/mantle/mantle-udm/entity/MarketingEntities.xml]
491009   [       Thread-4] INFO  i.impl.entity.EntityFacadeImpl  - Found [19] entity definitions in [file:/var/dev/moqui-src/runtime/mantle/mantle-udm/entity/OrderEntities.xml]
491122   [       Thread-4] INFO  i.impl.entity.EntityFacadeImpl  - Found [35] entity definitions in [file:/var/dev/moqui-src/runtime/mantle/mantle-udm/entity/PartyEntities.xml]
491133   [       Thread-4] INFO  i.impl.entity.EntityFacadeImpl  - Found [21] entity definitions in [file:/var/dev/moqui-src/runtime/mantle/mantle-udm/entity/ProductAssetEntities.xml]
491208   [       Thread-4] INFO  i.impl.entity.EntityFacadeImpl  - Found [40] entity definitions in [file:/var/dev/moqui-src/runtime/mantle/mantle-udm/entity/ProductDefinitionEntities.xml]
491212   [       Thread-4] INFO  i.impl.entity.EntityFacadeImpl  - Found [9] entity definitions in [file:/var/dev/moqui-src/runtime/mantle/mantle-udm/entity/ProductStoreEntities.xml]
491216   [       Thread-4] INFO  i.impl.entity.EntityFacadeImpl  - Found [15] entity definitions in [file:/var/dev/moqui-src/runtime/mantle/mantle-udm/entity/RequestEntities.xml]
491220   [       Thread-4] INFO  i.impl.entity.EntityFacadeImpl  - Found [10] entity definitions in [file:/var/dev/moqui-src/runtime/mantle/mantle-udm/entity/SalesEntities.xml]
491227   [       Thread-4] INFO  i.impl.entity.EntityFacadeImpl  - Found [21] entity definitions in [file:/var/dev/moqui-src/runtime/mantle/mantle-udm/entity/ShipmentEntities.xml]
491234   [       Thread-4] INFO  i.impl.entity.EntityFacadeImpl  - Found [19] entity definitions in [file:/var/dev/moqui-src/runtime/mantle/mantle-udm/entity/WorkEffortEntities.xml]
491235   [       Thread-4] INFO  i.impl.entity.EntityFacadeImpl  - Found [1] entity definitions in [file:/var/dev/moqui-src/runtime/component/tools/entity/ToolTestEntities.xml]
491242   [       Thread-4] INFO  i.impl.entity.EntityFacadeImpl  - Found [1] view-entity definitions in database (moqui.entity.DbViewEntity)
491403   [       Thread-3] INFO  i.impl.entity.EntityFacadeImpl  - Found [20] entity definitions in [jar:file:/tmp/winstone/byersa/moqui-1.1.2.war/WEB-INF/lib/moqui-framework-1.1.2.jar!/entity/BasicEntities.xml]
491406   [       Thread-3] INFO  i.impl.entity.EntityFacadeImpl  - Found [8] entity definitions in [jar:file:/tmp/winstone/byersa/moqui-1.1.2.war/WEB-INF/lib/moqui-framework-1.1.2.jar!/entity/EntityEntities.xml]
491414   [       Thread-3] INFO  i.impl.entity.EntityFacadeImpl  - Found [2] entity definitions in [jar:file:/tmp/winstone/byersa/moqui-1.1.2.war/WEB-INF/lib/moqui-framework-1.1.2.jar!/entity/OlapEntities.xml]
491520   [       Thread-3] INFO  i.impl.entity.EntityFacadeImpl  - Found [12] entity definitions in [jar:file:/tmp/winstone/byersa/moqui-1.1.2.war/WEB-INF/lib/moqui-framework-1.1.2.jar!/entity/ScreenEntities.xml]
491533   [       Thread-3] INFO  i.impl.entity.EntityFacadeImpl  - Found [20] entity definitions in [jar:file:/tmp/winstone/byersa/moqui-1.1.2.war/WEB-INF/lib/moqui-framework-1.1.2.jar!/entity/SecurityEntities.xml]
491640   [       Thread-4] INFO  pl.webapp.MoquiContextListener  - Destroying Moqui Execution Context Factory for webapp [ROOT]
491642   [       Thread-4] INFO  camel.impl.DefaultCamelContext  - Apache Camel 2.9.2 (CamelContext: camel-1) is shutting down
491648   [       Thread-4] INFO  l.impl.DefaultShutdownStrategy  - Starting to graceful shutdown 0 routes (timeout 300 seconds)
491651   [       Thread-4] INFO  l.impl.DefaultShutdownStrategy  - Graceful shutdown of 0 routes completed in 0 seconds
491651   [       Thread-4] INFO  impl.DefaultInflightRepository  - Shutting down with no inflight exchanges.
491653   [       Thread-4] INFO  camel.impl.DefaultCamelContext  - Uptime: 8 minutes
491781   [       Thread-4] INFO  camel.impl.DefaultCamelContext  - Apache Camel 2.9.2 (CamelContext: camel-1) is shutdown in 0.011 seconds
491785   [       Thread-3] INFO  i.impl.entity.EntityFacadeImpl  - Found [5] entity definitions in [jar:file:/tmp/winstone/byersa/moqui-1.1.2.war/WEB-INF/lib/moqui-framework-1.1.2.jar!/entity/ServerEntities.xml]
491787   [       Thread-3] INFO  i.impl.entity.EntityFacadeImpl  - Found [1] entity definitions in [jar:file:/tmp/winstone/byersa/moqui-1.1.2.war/WEB-INF/lib/moqui-framework-1.1.2.jar!/entity/ServiceEntities.xml]
491796   [       Thread-3] INFO  i.impl.entity.EntityFacadeImpl  - Found [9] entity definitions in [jar:file:/tmp/winstone/byersa/moqui-1.1.2.war/WEB-INF/lib/moqui-framework-1.1.2.jar!/entity/TenantEntities.xml]
491903   [       Thread-3] INFO  i.impl.entity.EntityFacadeImpl  - Found [5] entity definitions in [file:/var/dev/moqui-src/runtime/component/example/entity/ExampleEntities.xml]
491912   [       Thread-3] INFO  i.impl.entity.EntityFacadeImpl  - Found [8] entity definitions in [file:/var/dev/moqui-src/runtime/component/example/entity/ExampleViewEntities.xml]
491925   [       Thread-3] INFO  i.impl.entity.EntityFacadeImpl  - Found [27] entity definitions in [file:/var/dev/moqui-src/runtime/mantle/mantle-udm/entity/AccountingAccountEntities.xml]
492040   [       Thread-3] INFO  i.impl.entity.EntityFacadeImpl  - Found [27] entity definitions in [file:/var/dev/moqui-src/runtime/mantle/mantle-udm/entity/AccountingLedgerEntities.xml]
492147   [       Thread-3] INFO  i.impl.entity.EntityFacadeImpl  - Found [14] entity definitions in [file:/var/dev/moqui-src/runtime/mantle/mantle-udm/entity/AccountingOtherEntities.xml]
492149   [       Thread-3] INFO  i.impl.entity.EntityFacadeImpl  - Found [10] entity definitions in [file:/var/dev/moqui-src/runtime/mantle/mantle-udm/entity/FacilityEntities.xml]
492156   [       Thread-3] INFO  i.impl.entity.EntityFacadeImpl  - Found [26] entity definitions in [file:/var/dev/moqui-src/runtime/mantle/mantle-udm/entity/HumanResourcesEntities.xml]
492159   [       Thread-3] INFO  i.impl.entity.EntityFacadeImpl  - Found [16] entity definitions in [file:/var/dev/moqui-src/runtime/mantle/mantle-udm/entity/MarketingEntities.xml]
492163   [       Thread-3] INFO  i.impl.entity.EntityFacadeImpl  - Found [19] entity definitions in [file:/var/dev/moqui-src/runtime/mantle/mantle-udm/entity/OrderEntities.xml]
492169   [       Thread-3] INFO  i.impl.entity.EntityFacadeImpl  - Found [35] entity definitions in [file:/var/dev/moqui-src/runtime/mantle/mantle-udm/entity/PartyEntities.xml]
492174   [       Thread-3] INFO  i.impl.entity.EntityFacadeImpl  - Found [21] entity definitions in [file:/var/dev/moqui-src/runtime/mantle/mantle-udm/entity/ProductAssetEntities.xml]
492183   [       Thread-3] INFO  i.impl.entity.EntityFacadeImpl  - Found [40] entity definitions in [file:/var/dev/moqui-src/runtime/mantle/mantle-udm/entity/ProductDefinitionEntities.xml]
492186   [       Thread-3] INFO  i.impl.entity.EntityFacadeImpl  - Found [9] entity definitions in [file:/var/dev/moqui-src/runtime/mantle/mantle-udm/entity/ProductStoreEntities.xml]
492189   [       Thread-3] INFO  i.impl.entity.EntityFacadeImpl  - Found [15] entity definitions in [file:/var/dev/moqui-src/runtime/mantle/mantle-udm/entity/RequestEntities.xml]
492194   [       Thread-3] INFO  i.impl.entity.EntityFacadeImpl  - Found [10] entity definitions in [file:/var/dev/moqui-src/runtime/mantle/mantle-udm/entity/SalesEntities.xml]
492292   [       Thread-3] INFO  i.impl.entity.EntityFacadeImpl  - Found [21] entity definitions in [file:/var/dev/moqui-src/runtime/mantle/mantle-udm/entity/ShipmentEntities.xml]
492300   [       Thread-3] INFO  i.impl.entity.EntityFacadeImpl  - Found [19] entity definitions in [file:/var/dev/moqui-src/runtime/mantle/mantle-udm/entity/WorkEffortEntities.xml]
492302   [       Thread-3] INFO  i.impl.entity.EntityFacadeImpl  - Found [1] entity definitions in [file:/var/dev/moqui-src/runtime/component/tools/entity/ToolTestEntities.xml]
492309   [       Thread-3] INFO  i.impl.entity.EntityFacadeImpl  - Found [1] view-entity definitions in database (moqui.entity.DbViewEntity)
492546   [       Thread-3] INFO  pl.webapp.MoquiContextListener  - Destroying Moqui Execution Context Factory for webapp [ROOT]
492546   [       Thread-3] INFO  pl.webapp.MoquiContextListener  - Destroyed Moqui Execution Context Factory for webapp [ROOT]
492579   [       Thread-4] INFO  moqui.impl.entity.EntityDbMeta  - Checked table for entity [ArtifactHitBin] in 0.01 seconds
493459   [       Thread-4] INFO  pl.webapp.MoquiContextListener  - Destroyed Moqui Execution Context Factory for webapp [ROOT]
0        [           main] INFO  pl.webapp.MoquiContextListener  - Loading Moqui Webapp at [ROOT], moqui webapp name [webroot], context name [Moqui Root Webapp], located at [/tmp/winstone/byersa/moqui-1.1.2.war/]
622      [           main] INFO  xt.ExecutionContextFactoryImpl  - Initializing Moqui ExecutionContextFactoryImpl
 - runtime directory [/var/dev/moqui-src/runtime]
 - config file [/var/dev/moqui-src/runtime/conf/MoquiDevConf.xml]
 - moqui.runtime property [/var/dev/moqui-src/runtime]
1248     [           main] INFO  xt.ExecutionContextFactoryImpl  - Added component [tools] at [file:/var/dev/moqui-src/runtime/component/tools]
1259     [           main] INFO  xt.ExecutionContextFactoryImpl  - Added component [contacts] at [file:/var/dev/moqui-src/runtime/component/contacts]
1260     [           main] INFO  xt.ExecutionContextFactoryImpl  - Added component [ccoach] at [file:/var/dev/moqui-src/runtime/component/ccoach]
1261     [           main] INFO  xt.ExecutionContextFactoryImpl  - Added component [example] at [file:/var/dev/moqui-src/runtime/component/example]
1261     [           main] INFO  xt.ExecutionContextFactoryImpl  - Added component [webroot] at [file:/var/dev/moqui-src/runtime/component/webroot]
1262     [           main] INFO  xt.ExecutionContextFactoryImpl  - Added component [mantle-usl] at [file:/var/dev/moqui-src/runtime/mantle/mantle-usl]
1263     [           main] INFO  xt.ExecutionContextFactoryImpl  - Added component [mantle-ubpl] at [file:/var/dev/moqui-src/runtime/mantle/mantle-ubpl]
1264     [           main] INFO  xt.ExecutionContextFactoryImpl  - Added component [mantle-udm] at [file:/var/dev/moqui-src/runtime/mantle/mantle-udm]
1266     [           main] WARN  xt.ExecutionContextFactoryImpl  - Overriding component [example] at [file:/var/dev/moqui-src/runtime/component/example] with location [component/example] because another component of the same name was initialized.
1270     [           main] INFO  xt.ExecutionContextFactoryImpl  - Added component [example] at [component/example]
1397     [           main] INFO  xt.ExecutionContextFactoryImpl  - Added JAR from runtime/lib: mysql-connector-java-5.1.20-bin.jar
1400     [           main] INFO  xt.ExecutionContextFactoryImpl  - Added JAR from runtime/lib: aws-java-sdk-1.3.22.jar
2612     [           main] INFO  xt.ExecutionContextFactoryImpl  - Moqui CacheFacadeImpl Initialized
2713     [           main] INFO  xt.ExecutionContextFactoryImpl  - Moqui LoggerFacadeImpl Initialized
4659     [           main] INFO  i.impl.context.CacheFacadeImpl  - Initialized new cache [resource.ftl.location]
4678     [           main] INFO  i.impl.context.CacheFacadeImpl  - Initialized new cache [resource.xml-actions.location]
4682     [           main] INFO  i.impl.context.CacheFacadeImpl  - Initialized new cache [resource.text.location]
4771     [           main] INFO  i.impl.context.CacheFacadeImpl  - Initialized new cache [resource.groovy.expression]
5167     [           main] INFO  i.impl.context.CacheFacadeImpl  - Initialized new cache [resource.gstring.location]
5184     [           main] INFO  i.impl.context.CacheFacadeImpl  - Initialized new cache [resource.wiki.location]
5297     [           main] INFO  i.impl.context.CacheFacadeImpl  - Initialized new cache [resource.groovy.location]
5312     [           main] INFO  i.impl.context.CacheFacadeImpl  - Initialized new cache [resource.javascript.location]
5675     [           main] ERROR mpl.context.ResourceFacadeImpl  - Error getting JCR content repository with name [main], is of type [davex] at location [http://localhost:8081/server]: javax.jcr.RepositoryException: Unable to access a repository with the following settings:
    org.apache.jackrabbit.repository.uri: http://localhost:8081/server
The following RepositoryFactory classes were consulted:
    org.apache.jackrabbit.commons.JndiRepositoryFactory: declined
Perhaps the repository you are trying to access is not available at the moment.
5679     [           main] INFO  xt.ExecutionContextFactoryImpl  - Moqui ResourceFacadeImpl Initialized
5844     [           main] WARN  nfig.UserTransactionServiceImp  - No properties path set - looking for transactions.properties in classpath...
5852     [           main] WARN  nfig.UserTransactionServiceImp  - transactions.properties not found - looking for jta.properties in classpath...
5970     [           main] WARN  nfig.UserTransactionServiceImp  - Using init file: file:/tmp/winstone/byersa/moqui-1.1.2.war/WEB-INF/lib/moqui-framework-1.1.2.jar!/jta.properties
6357     [           main] INFO  xt.ExecutionContextFactoryImpl  - Moqui TransactionFacadeImpl Initialized
6704     [           main] INFO  ty.EntityDatasourceFactoryImpl  - Set property derby.system.home to [/var/dev/moqui-src/runtime/db/derby]
6731     [           main] INFO  ty.EntityDatasourceFactoryImpl  - Set property derby.system.home to [/var/dev/moqui-src/runtime/db/derby]
6733     [           main] INFO  ty.EntityDatasourceFactoryImpl  - Set property derby.system.home to [/var/dev/moqui-src/runtime/db/derby]
6743     [           main] INFO  i.impl.context.CacheFacadeImpl  - Initialized new cache [entity.definition]
6745     [           main] INFO  i.impl.context.CacheFacadeImpl  - Initialized new cache [entity.location]
6747     [           main] INFO  i.impl.context.CacheFacadeImpl  - Initialized new cache [entity.sequence.bank]
7010     [           main] INFO  xt.ExecutionContextFactoryImpl  - Moqui EntityFacadeImpl for DEFAULT Tenant Initialized
7426     [           main] INFO  uartz.impl.StdSchedulerFactory  - Using default implementation for ThreadExecutor
7438     [           main] INFO  .quartz.simpl.SimpleThreadPool  - Job execution threads will use class loader of thread: main
7580     [           main] INFO    org.quartz.simpl.RAMJobStore  - RAMJobStore initialized.
7583     [           main] INFO  uartz.impl.StdSchedulerFactory  - Quartz scheduler 'DefaultQuartzScheduler' initialized from default resource file in Quartz package: 'quartz.properties'
7585     [           main] INFO  uartz.impl.StdSchedulerFactory  - Quartz scheduler version: 2.1.5
7592     [           main] INFO  i.impl.context.CacheFacadeImpl  - Initialized new cache [service.location]
7932     [           main] INFO  impl.service.ServiceFacadeImpl  - Loaded [0] Service ECA rules from [file:/var/dev/moqui-src/runtime/component/example/service/Example.secas.xml]
8068     [           main] INFO  i.impl.context.CacheFacadeImpl  - Initialized new cache [service.java.class]
8190     [           main] INFO  xt.ExecutionContextFactoryImpl  - Moqui ServiceFacadeImpl Initialized
8198     [           main] INFO  i.impl.context.CacheFacadeImpl  - Initialized new cache [screen.location]
8201     [           main] INFO  i.impl.context.CacheFacadeImpl  - Initialized new cache [screen.template.mode]
8204     [           main] INFO  i.impl.context.CacheFacadeImpl  - Initialized new cache [screen.template.location]
8205     [           main] INFO  xt.ExecutionContextFactoryImpl  - Moqui ScreenFacadeImpl Initialized
8566     [           main] INFO  xt.ExecutionContextFactoryImpl  - Moqui L10nFacadeImpl Initialized
8591     [           main] INFO  camel.impl.DefaultCamelContext  - Apache Camel 2.9.2 (CamelContext: camel-1) is starting
8595     [           main] INFO  ment.ManagementStrategyFactory  - JMX enabled. Using ManagedManagementStrategy.
9221     [           main] INFO  ultManagementLifecycleStrategy  - StatisticsLevel at All so enabling load performance statistics
10362    [           main] INFO  .AnnotationTypeConverterLoader  - Found 3 packages with 15 @Converter classes to load
11194    [           main] INFO  converter.DefaultTypeConverter  - Loaded 170 core type converters (total 170 type converters)
11338    [           main] INFO  .AnnotationTypeConverterLoader  - Loaded 3 @Converter classes
11435    [           main] INFO  converter.DefaultTypeConverter  - Loaded additional 13 type converters (total 183 type converters) in 0.013 seconds
11688    [           main] INFO  camel.impl.DefaultCamelContext  - Total 0 routes, of which 0 is started.
11695    [           main] INFO  camel.impl.DefaultCamelContext  - Apache Camel 2.9.2 (CamelContext: camel-1) started in 3.104 seconds
11696    [           main] INFO  xt.ExecutionContextFactoryImpl  - Moqui ExecutionContextFactoryImpl Initialization Complete
11766    [           main] INFO  pl.webapp.MoquiContextListener  - Loaded Moqui Execution Context Factory for webapp [ROOT]
31822066 [       Thread-3] INFO  pl.webapp.MoquiContextListener  - Destroying Moqui Execution Context Factory for webapp [ROOT]
31822072 [       Thread-4] INFO  pl.webapp.MoquiContextListener  - Destroying Moqui Execution Context Factory for webapp [ROOT]
31822072 [       Thread-4] INFO  pl.webapp.MoquiContextListener  - Destroyed Moqui Execution Context Factory for webapp [ROOT]
31822072 [       Thread-3] INFO  camel.impl.DefaultCamelContext  - Apache Camel 2.9.2 (CamelContext: camel-1) is shutting down
31822073 [       Thread-3] INFO  l.impl.DefaultShutdownStrategy  - Starting to graceful shutdown 0 routes (timeout 300 seconds)
31822082 [       Thread-3] INFO  l.impl.DefaultShutdownStrategy  - Graceful shutdown of 0 routes completed in 0 seconds
31822083 [       Thread-3] INFO  impl.DefaultInflightRepository  - Shutting down with no inflight exchanges.
31822085 [       Thread-3] INFO  camel.impl.DefaultCamelContext  - Uptime: 8 hours 50 minutes
31822085 [       Thread-3] INFO  camel.impl.DefaultCamelContext  - Apache Camel 2.9.2 (CamelContext: camel-1) is shutdown in 0.012 seconds
31822894 [       Thread-3] INFO  pl.webapp.MoquiContextListener  - Destroyed Moqui Execution Context Factory for webapp [ROOT]
0        [           main] INFO  pl.webapp.MoquiContextListener  - Loading Moqui Webapp at [ROOT], moqui webapp name [webroot], context name [Moqui Root Webapp], located at [/tmp/winstone/byersa/moqui-1.2.0.war/]
326      [           main] INFO  xt.ExecutionContextFactoryImpl  - Initializing Moqui ExecutionContextFactoryImpl
 - runtime directory [/var/dev/cc]
 - config file [/var/dev/cc/conf/MoquiDevConf.xml]
 - moqui.runtime property [/var/dev/cc]
744      [           main] INFO  xt.ExecutionContextFactoryImpl  - Added component [ccoach] at [file:/var/dev/cc/component/ccoach]
746      [           main] INFO  xt.ExecutionContextFactoryImpl  - Added component [mantle-usl] at [file:/var/dev/cc/mantle/mantle-usl]
837      [           main] INFO  xt.ExecutionContextFactoryImpl  - Added component [mantle-ubpl] at [file:/var/dev/cc/mantle/mantle-ubpl]
837      [           main] INFO  xt.ExecutionContextFactoryImpl  - Added component [mantle-udm] at [file:/var/dev/cc/mantle/mantle-udm]
837      [           main] INFO  xt.ExecutionContextFactoryImpl  - Added component [tools] at [component/tools]
852      [           main] INFO  xt.ExecutionContextFactoryImpl  - Added JAR from runtime/lib: mysql-connector-java-5.1.20-bin.jar
854      [           main] INFO  xt.ExecutionContextFactoryImpl  - Added JAR from runtime/lib: aws-java-sdk-1.3.22.jar
2090     [           main] INFO  xt.ExecutionContextFactoryImpl  - Moqui CacheFacadeImpl Initialized
2212     [           main] INFO  xt.ExecutionContextFactoryImpl  - Moqui LoggerFacadeImpl Initialized
3634     [           main] INFO  i.impl.context.CacheFacadeImpl  - Initialized new cache [resource.ftl.location]
3844     [           main] INFO  i.impl.context.CacheFacadeImpl  - Initialized new cache [resource.xml-actions.location]
3847     [           main] INFO  i.impl.context.CacheFacadeImpl  - Initialized new cache [resource.text.location]
3849     [           main] INFO  i.impl.context.CacheFacadeImpl  - Initialized new cache [resource.groovy.expression]
4156     [           main] INFO  i.impl.context.CacheFacadeImpl  - Initialized new cache [resource.gstring.location]
4165     [           main] INFO  i.impl.context.CacheFacadeImpl  - Initialized new cache [resource.wiki.location]
4389     [           main] INFO  i.impl.context.CacheFacadeImpl  - Initialized new cache [resource.groovy.location]
4406     [           main] INFO  i.impl.context.CacheFacadeImpl  - Initialized new cache [resource.javascript.location]
4490     [           main] INFO  mpl.context.ResourceFacadeImpl  - Added JCR Repository [main] at [http://localhost:8081/rmi], workspace [default]
4492     [           main] INFO  xt.ExecutionContextFactoryImpl  - Moqui ResourceFacadeImpl Initialized
4517     [           main] WARN  nfig.UserTransactionServiceImp  - No properties path set - looking for transactions.properties in classpath...
4519     [           main] WARN  nfig.UserTransactionServiceImp  - transactions.properties not found - looking for jta.properties in classpath...
4526     [           main] WARN  nfig.UserTransactionServiceImp  - Using init file: file:/tmp/winstone/byersa/moqui-1.2.0.war/WEB-INF/lib/moqui-framework-1.2.0.jar!/jta.properties
4781     [           main] INFO  xt.ExecutionContextFactoryImpl  - Moqui TransactionFacadeImpl Initialized
5013     [           main] INFO  ty.EntityDatasourceFactoryImpl  - Set property derby.system.home to [/var/dev/cc/db/derby]
5064     [           main] INFO  ty.EntityDatasourceFactoryImpl  - Set property derby.system.home to [/var/dev/cc/db/derby]
5160     [           main] INFO  ty.EntityDatasourceFactoryImpl  - Set property derby.system.home to [/var/dev/cc/db/derby]
5185     [           main] INFO  i.impl.context.CacheFacadeImpl  - Initialized new cache [entity.definition]
5401     [           main] INFO  i.impl.context.CacheFacadeImpl  - Initialized new cache [entity.location]
5404     [           main] INFO  i.impl.context.CacheFacadeImpl  - Initialized new cache [entity.sequence.bank]
5424     [           main] INFO  xt.ExecutionContextFactoryImpl  - Moqui EntityFacadeImpl for DEFAULT Tenant Initialized
5542     [           main] INFO  uartz.impl.StdSchedulerFactory  - Using default implementation for ThreadExecutor
5545     [           main] INFO  .quartz.simpl.SimpleThreadPool  - Job execution threads will use class loader of thread: main
5731     [           main] INFO    org.quartz.simpl.RAMJobStore  - RAMJobStore initialized.
5733     [           main] INFO  uartz.impl.StdSchedulerFactory  - Quartz scheduler 'DefaultQuartzScheduler' initialized from default resource file in Quartz package: 'quartz.properties'
5734     [           main] INFO  uartz.impl.StdSchedulerFactory  - Quartz scheduler version: 2.1.6
5736     [           main] INFO  i.impl.context.CacheFacadeImpl  - Initialized new cache [service.location]
5775     [           main] INFO  i.impl.context.CacheFacadeImpl  - Initialized new cache [service.java.class]
6191     [           main] INFO  xt.ExecutionContextFactoryImpl  - Moqui ServiceFacadeImpl Initialized
6201     [           main] INFO  i.impl.context.CacheFacadeImpl  - Initialized new cache [screen.location]
6204     [           main] INFO  i.impl.context.CacheFacadeImpl  - Initialized new cache [screen.template.mode]
6207     [           main] INFO  i.impl.context.CacheFacadeImpl  - Initialized new cache [screen.template.location]
6309     [           main] INFO  xt.ExecutionContextFactoryImpl  - Moqui ScreenFacadeImpl Initialized
6666     [           main] INFO  xt.ExecutionContextFactoryImpl  - Moqui L10nFacadeImpl Initialized
6677     [           main] INFO  camel.impl.DefaultCamelContext  - Apache Camel 2.10.1 (CamelContext: camel-1) is starting
7072     [           main] INFO  ment.ManagementStrategyFactory  - JMX enabled.
8862     [           main] INFO  converter.DefaultTypeConverter  - Loaded 185 type converters
9097     [           main] INFO  ultManagementLifecycleStrategy  - StatisticsLevel at All so enabling load performance statistics
9107     [           main] INFO  camel.impl.DefaultCamelContext  - Total 0 routes, of which 0 is started.
9109     [           main] INFO  camel.impl.DefaultCamelContext  - Apache Camel 2.10.1 (CamelContext: camel-1) started in 2.431 seconds
9112     [           main] INFO  xt.ExecutionContextFactoryImpl  - Moqui ExecutionContextFactory Initialization Complete
9123     [           main] INFO  pl.webapp.MoquiContextListener  - Loaded Moqui Execution Context Factory for webapp [ROOT]
1371200  [ndlerThread[#3]] INFO  i.impl.context.CacheFacadeImpl  - Initialized new cache [artifact.tarpit.hits]
1371412  [ndlerThread[#3]] WARN  i.impl.entity.EntityFacadeImpl  - No location cache found for entity-name [TenantHostDefault], reloading ALL entity file locations known.
1371660  [ndlerThread[#3]] INFO  i.impl.entity.EntityFacadeImpl  - Found [20] entity definitions in [jar:file:/tmp/winstone/byersa/moqui-1.2.0.war/WEB-INF/lib/moqui-framework-1.2.0.jar!/entity/BasicEntities.xml]
1371674  [ndlerThread[#3]] INFO  i.impl.entity.EntityFacadeImpl  - Found [8] entity definitions in [jar:file:/tmp/winstone/byersa/moqui-1.2.0.war/WEB-INF/lib/moqui-framework-1.2.0.jar!/entity/EntityEntities.xml]
1371686  [ndlerThread[#3]] INFO  i.impl.entity.EntityFacadeImpl  - Found [2] entity definitions in [jar:file:/tmp/winstone/byersa/moqui-1.2.0.war/WEB-INF/lib/moqui-framework-1.2.0.jar!/entity/OlapEntities.xml]
1371945  [ndlerThread[#3]] INFO  i.impl.entity.EntityFacadeImpl  - Found [12] entity definitions in [jar:file:/tmp/winstone/byersa/moqui-1.2.0.war/WEB-INF/lib/moqui-framework-1.2.0.jar!/entity/ScreenEntities.xml]
1371960  [ndlerThread[#3]] INFO  i.impl.entity.EntityFacadeImpl  - Found [20] entity definitions in [jar:file:/tmp/winstone/byersa/moqui-1.2.0.war/WEB-INF/lib/moqui-framework-1.2.0.jar!/entity/SecurityEntities.xml]
1371965  [ndlerThread[#3]] INFO  i.impl.entity.EntityFacadeImpl  - Found [5] entity definitions in [jar:file:/tmp/winstone/byersa/moqui-1.2.0.war/WEB-INF/lib/moqui-framework-1.2.0.jar!/entity/ServerEntities.xml]
1371967  [ndlerThread[#3]] INFO  i.impl.entity.EntityFacadeImpl  - Found [1] entity definitions in [jar:file:/tmp/winstone/byersa/moqui-1.2.0.war/WEB-INF/lib/moqui-framework-1.2.0.jar!/entity/ServiceEntities.xml]
1371975  [ndlerThread[#3]] INFO  i.impl.entity.EntityFacadeImpl  - Found [9] entity definitions in [jar:file:/tmp/winstone/byersa/moqui-1.2.0.war/WEB-INF/lib/moqui-framework-1.2.0.jar!/entity/TenantEntities.xml]
1372226  [ndlerThread[#3]] INFO  i.impl.entity.EntityFacadeImpl  - Found [27] entity definitions in [file:/var/dev/cc/mantle/mantle-udm/entity/AccountingAccountEntities.xml]
1372434  [ndlerThread[#3]] INFO  i.impl.entity.EntityFacadeImpl  - Found [27] entity definitions in [file:/var/dev/cc/mantle/mantle-udm/entity/AccountingLedgerEntities.xml]
1372453  [ndlerThread[#3]] INFO  i.impl.entity.EntityFacadeImpl  - Found [14] entity definitions in [file:/var/dev/cc/mantle/mantle-udm/entity/AccountingOtherEntities.xml]
1372470  [ndlerThread[#3]] INFO  i.impl.entity.EntityFacadeImpl  - Found [10] entity definitions in [file:/var/dev/cc/mantle/mantle-udm/entity/FacilityEntities.xml]
1372584  [ndlerThread[#3]] INFO  i.impl.entity.EntityFacadeImpl  - Found [26] entity definitions in [file:/var/dev/cc/mantle/mantle-udm/entity/HumanResourcesEntities.xml]
1372606  [ndlerThread[#3]] INFO  i.impl.entity.EntityFacadeImpl  - Found [16] entity definitions in [file:/var/dev/cc/mantle/mantle-udm/entity/MarketingEntities.xml]
1372964  [ndlerThread[#3]] INFO  i.impl.entity.EntityFacadeImpl  - Found [19] entity definitions in [file:/var/dev/cc/mantle/mantle-udm/entity/OrderEntities.xml]
1373008  [ndlerThread[#3]] INFO  i.impl.entity.EntityFacadeImpl  - Found [35] entity definitions in [file:/var/dev/cc/mantle/mantle-udm/entity/PartyEntities.xml]
1373204  [ndlerThread[#3]] INFO  i.impl.entity.EntityFacadeImpl  - Found [21] entity definitions in [file:/var/dev/cc/mantle/mantle-udm/entity/ProductAssetEntities.xml]
1373591  [ndlerThread[#3]] INFO  i.impl.entity.EntityFacadeImpl  - Found [40] entity definitions in [file:/var/dev/cc/mantle/mantle-udm/entity/ProductDefinitionEntities.xml]
1373610  [ndlerThread[#3]] INFO  i.impl.entity.EntityFacadeImpl  - Found [9] entity definitions in [file:/var/dev/cc/mantle/mantle-udm/entity/ProductStoreEntities.xml]
1373639  [ndlerThread[#3]] INFO  i.impl.entity.EntityFacadeImpl  - Found [15] entity definitions in [file:/var/dev/cc/mantle/mantle-udm/entity/RequestEntities.xml]
1373972  [ndlerThread[#3]] INFO  i.impl.entity.EntityFacadeImpl  - Found [10] entity definitions in [file:/var/dev/cc/mantle/mantle-udm/entity/SalesEntities.xml]
1374010  [ndlerThread[#3]] INFO  i.impl.entity.EntityFacadeImpl  - Found [21] entity definitions in [file:/var/dev/cc/mantle/mantle-udm/entity/ShipmentEntities.xml]
1374128  [ndlerThread[#3]] INFO  i.impl.entity.EntityFacadeImpl  - Found [19] entity definitions in [file:/var/dev/cc/mantle/mantle-udm/entity/WorkEffortEntities.xml]
1375173  [ndlerThread[#3]] WARN  os.jdbc.AbstractDataSourceBean  - AtomikosDataSoureBean 'DEFAULTtransactional': no testQuery set - the connection pool will not be able to validate the connections!
1382387  [ndlerThread[#3]] INFO  moqui.impl.entity.EntityDbMeta  - Checked table for entity [DbViewEntity] in 7.218 seconds
1383316  [ndlerThread[#3]] INFO  i.impl.entity.EntityFacadeImpl  - Found [1] view-entity definitions in database (moqui.entity.DbViewEntity)
1383338  [ndlerThread[#3]] INFO  i.impl.context.CacheFacadeImpl  - Initialized new cache [entity.DEFAULT.one.TenantHostDefault]
1383613  [ndlerThread[#3]] WARN  os.jdbc.AbstractDataSourceBean  - AtomikosDataSoureBean 'DEFAULTtenantcommon': no testQuery set - the connection pool will not be able to validate the connections!
1386460  [ndlerThread[#3]] INFO  moqui.impl.entity.EntityDbMeta  - Checked table for entity [TenantHostDefault] in 2.848 seconds
1387854  [ndlerThread[#3]] INFO  nfig.IniSecurityManagerFactory  - Realms have been explicitly set on the SecurityManager instance - auto-setting of realms will not occur.
1389156  [ndlerThread[#3]] INFO  i.impl.context.CacheFacadeImpl  - Initialized new cache [entity.DEFAULT.list.moqui.entity.UserField]
1389168  [ndlerThread[#3]] INFO  moqui.impl.entity.EntityDbMeta  - Checked table for entity [UserField] in 0.007 seconds
1389263  [ndlerThread[#3]] INFO  i.impl.context.CacheFacadeImpl  - Initialized new cache [entity.DEFAULT.list_ra.moqui.entity.UserField]
1389531  [ndlerThread[#3]] INFO  i.impl.context.CacheFacadeImpl  - Initialized new cache [entity.DEFAULT.list.moqui.security.ArtifactAuthzCheckView]
1389688  [ndlerThread[#3]] INFO  moqui.impl.entity.EntityDbMeta  - Checked table for entity [ArtifactAuthz] in 0.013 seconds
1389786  [ndlerThread[#3]] INFO  moqui.impl.entity.EntityDbMeta  - Checked table for entity [ArtifactGroupMember] in 0.096 seconds
1389797  [ndlerThread[#3]] INFO  moqui.impl.entity.EntityDbMeta  - Checked table for entity [ArtifactAuthzRecord] in 0.009 seconds
1389901  [ndlerThread[#3]] INFO  i.impl.context.CacheFacadeImpl  - Initialized new cache [entity.DEFAULT.list_ra.moqui.security.ArtifactAuthz]
1389906  [ndlerThread[#3]] INFO  i.impl.context.CacheFacadeImpl  - Initialized new cache [entity.DEFAULT.list_ra.moqui.security.ArtifactGroupMember]
1389911  [ndlerThread[#3]] INFO  i.impl.context.CacheFacadeImpl  - Initialized new cache [entity.DEFAULT.list_ra.moqui.security.ArtifactAuthzRecord]
1390125  [ndlerThread[#3]] INFO  moqui.impl.entity.EntityDbMeta  - Checked table for entity [SequenceValueItem] in 0.008 seconds
1391267  [ndlerThread[#3]] INFO  moqui.impl.entity.EntityDbMeta  - Checked table for entity [Visit] in 0.013 seconds
1391417  [ndlerThread[#3]] INFO  ui.impl.context.UserFacadeImpl  - Created new Visit with ID [105100] in session [87576e29a5f0c39d2eaf2a73da5c1d89]
1391862  [ndlerThread[#3]] WARN  i.impl.screen.ScreenDefinition  - subscreenRef.location (w): component://ccoach/screen/ccoach/Login.xml
1391893  [ndlerThread[#3]] WARN  i.impl.screen.ScreenDefinition  - subscreenRef.location (w): component://ccoach/screen/ccoach/status.xml
1391898  [ndlerThread[#3]] WARN  i.impl.screen.ScreenDefinition  - subscreenRef.location (w): component://ccoach/screen/ccoach/main.xml
1392918  [ndlerThread[#3]] WARN  i.impl.screen.ScreenDefinition  - subscreenRef.location (w): component://ccoach/screen/ccoach/Login.xml
1392930  [ndlerThread[#3]] WARN  i.impl.screen.ScreenDefinition  - subscreenRef.location (w): component://ccoach/screen/ccoach/status.xml
1393027  [ndlerThread[#3]] WARN  i.impl.screen.ScreenDefinition  - subscreenRef.location (w): component://ccoach/screen/ccoach/main.xml
